# JRE version: OpenJDK Runtime Environment (8.0_492-b09) (build 1.8.0_492-b09)
# Java VM: OpenJDK 64-Bit Server VM (25.492-b09 mixed mode windows-amd64 compressed oops)
Heap:
 PSYoungGen      total 642048K, used 139410K [0x000000076bb80000, 0x0000000795b80000, 0x00000007c0000000)
  eden space 624640K, 19% used [0x000000076bb80000,0x00000007732cd940,0x0000000791d80000)
  from space 17408K, 99% used [0x0000000794a80000,0x0000000795b56f68,0x0000000795b80000)
  to   space 20480K, 0% used [0x0000000793380000,0x0000000793380000,0x0000000794780000)
 ParOldGen       total 188416K, used 26335K [0x00000006c3200000, 0x00000006cea00000, 0x000000076bb80000)
  object space 188416K, 13% used [0x00000006c3200000,0x00000006c4bb7f00,0x00000006cea00000)
 Metaspace       used 65182K, capacity 68366K, committed 68696K, reserved 1107968K
  class space    used 8649K, capacity 9241K, committed 9344K, reserved 1048576K
GC Heap History (10 events):
Event: 3.547 GC heap before
{Heap before GC invocations=11 (full 2):
 PSYoungGen      total 427520K, used 417280K [0x000000076bb80000, 0x0000000786c00000, 0x00000007c0000000)
  eden space 417280K, 100% used [0x000000076bb80000,0x0000000785300000,0x0000000785300000)
  from space 10240K, 0% used [0x0000000786200000,0x0000000786200000,0x0000000786c00000)
  to   space 12288K, 0% used [0x0000000785400000,0x0000000785400000,0x0000000786000000)
 ParOldGen       total 131584K, used 17577K [0x00000006c3200000, 0x00000006cb280000, 0x000000076bb80000)
  object space 131584K, 13% used [0x00000006c3200000,0x00000006c432a618,0x00000006cb280000)
 Metaspace       used 44610K, capacity 46728K, committed 46848K, reserved 1089536K
  class space    used 5912K, capacity 6328K, committed 6400K, reserved 1048576K
Event: 3.553 GC heap after
Heap after GC invocations=11 (full 2):
 PSYoungGen      total 430592K, used 12271K [0x000000076bb80000, 0x000000078e180000, 0x00000007c0000000)
  eden space 418304K, 0% used [0x000000076bb80000,0x000000076bb80000,0x0000000785400000)
  from space 12288K, 99% used [0x0000000785400000,0x0000000785ffbc08,0x0000000786000000)
  to   space 14848K, 0% used [0x000000078d300000,0x000000078d300000,0x000000078e180000)
 ParOldGen       total 131584K, used 20789K [0x00000006c3200000, 0x00000006cb280000, 0x000000076bb80000)
  object space 131584K, 15% used [0x00000006c3200000,0x00000006c464d550,0x00000006cb280000)
 Metaspace       used 44610K, capacity 46728K, committed 46848K, reserved 1089536K
  class space    used 5912K, capacity 6328K, committed 6400K, reserved 1048576K
}
Event: 4.479 GC heap before
{Heap before GC invocations=12 (full 2):
 PSYoungGen      total 430592K, used 430575K [0x000000076bb80000, 0x000000078e180000, 0x00000007c0000000)
  eden space 418304K, 100% used [0x000000076bb80000,0x0000000785400000,0x0000000785400000)
  from space 12288K, 99% used [0x0000000785400000,0x0000000785ffbc08,0x0000000786000000)
  to   space 14848K, 0% used [0x000000078d300000,0x000000078d300000,0x000000078e180000)
 ParOldGen       total 131584K, used 20789K [0x00000006c3200000, 0x00000006cb280000, 0x000000076bb80000)
  object space 131584K, 15% used [0x00000006c3200000,0x00000006c464d550,0x00000006cb280000)
 Metaspace       used 53235K, capacity 55424K, committed 55680K, reserved 1097728K
  class space    used 6989K, capacity 7432K, committed 7552K, reserved 1048576K
Event: 4.485 GC heap after
Heap after GC invocations=12 (full 2):
 PSYoungGen      total 539136K, used 14836K [0x000000076bb80000, 0x000000078e180000, 0x00000007c0000000)
  eden space 524288K, 0% used [0x000000076bb80000,0x000000076bb80000,0x000000078bb80000)
  from space 14848K, 99% used [0x000000078d300000,0x000000078e17d320,0x000000078e180000)
  to   space 18432K, 0% used [0x000000078bd80000,0x000000078bd80000,0x000000078cf80000)
 ParOldGen       total 131584K, used 25478K [0x00000006c3200000, 0x00000006cb280000, 0x000000076bb80000)
  object space 131584K, 19% used [0x00000006c3200000,0x00000006c4ae1968,0x00000006cb280000)
 Metaspace       used 53235K, capacity 55424K, committed 55680K, reserved 1097728K
  class space    used 6989K, capacity 7432K, committed 7552K, reserved 1048576K
}
Event: 4.888 GC heap before
{Heap before GC invocations=13 (full 2):
 PSYoungGen      total 539136K, used 90444K [0x000000076bb80000, 0x000000078e180000, 0x00000007c0000000)
  eden space 524288K, 14% used [0x000000076bb80000,0x0000000770555d30,0x000000078bb80000)
  from space 14848K, 99% used [0x000000078d300000,0x000000078e17d320,0x000000078e180000)
  to   space 18432K, 0% used [0x000000078bd80000,0x000000078bd80000,0x000000078cf80000)
 ParOldGen       total 131584K, used 25478K [0x00000006c3200000, 0x00000006cb280000, 0x000000076bb80000)
  object space 131584K, 19% used [0x00000006c3200000,0x00000006c4ae1968,0x00000006cb280000)
 Metaspace       used 56777K, capacity 59048K, committed 59096K, reserved 1099776K
  class space    used 7467K, capacity 7910K, committed 7936K, reserved 1048576K
Event: 4.893 GC heap after
Heap after GC invocations=13 (full 2):
 PSYoungGen      total 544768K, used 3651K [0x000000076bb80000, 0x0000000795c80000, 0x00000007c0000000)
  eden space 526336K, 0% used [0x000000076bb80000,0x000000076bb80000,0x000000078bd80000)
  from space 18432K, 19% used [0x000000078bd80000,0x000000078c110f90,0x000000078cf80000)
  to   space 18432K, 0% used [0x0000000794a80000,0x0000000794a80000,0x0000000795c80000)
 ParOldGen       total 131584K, used 35862K [0x00000006c3200000, 0x00000006cb280000, 0x000000076bb80000)
  object space 131584K, 27% used [0x00000006c3200000,0x00000006c5505aa0,0x00000006cb280000)
 Metaspace       used 56777K, capacity 59048K, committed 59096K, reserved 1099776K
  class space    used 7467K, capacity 7910K, committed 7936K, reserved 1048576K
}
Event: 4.893 GC heap before
{Heap before GC invocations=14 (full 3):
 PSYoungGen      total 544768K, used 3651K [0x000000076bb80000, 0x0000000795c80000, 0x00000007c0000000)
  eden space 526336K, 0% used [0x000000076bb80000,0x000000076bb80000,0x000000078bd80000)
  from space 18432K, 19% used [0x000000078bd80000,0x000000078c110f90,0x000000078cf80000)
  to   space 18432K, 0% used [0x0000000794a80000,0x0000000794a80000,0x0000000795c80000)
 ParOldGen       total 131584K, used 35862K [0x00000006c3200000, 0x00000006cb280000, 0x000000076bb80000)
  object space 131584K, 27% used [0x00000006c3200000,0x00000006c5505aa0,0x00000006cb280000)
 Metaspace       used 56777K, capacity 59048K, committed 59096K, reserved 1099776K
  class space    used 7467K, capacity 7910K, committed 7936K, reserved 1048576K
Event: 4.960 GC heap after
Heap after GC invocations=14 (full 3):
 PSYoungGen      total 544768K, used 0K [0x000000076bb80000, 0x0000000795c80000, 0x00000007c0000000)
  eden space 526336K, 0% used [0x000000076bb80000,0x000000076bb80000,0x000000078bd80000)
  from space 18432K, 0% used [0x000000078bd80000,0x000000078bd80000,0x000000078cf80000)
  to   space 18432K, 0% used [0x0000000794a80000,0x0000000794a80000,0x0000000795c80000)
 ParOldGen       total 188416K, used 26327K [0x00000006c3200000, 0x00000006cea00000, 0x000000076bb80000)
  object space 188416K, 13% used [0x00000006c3200000,0x00000006c4bb5f00,0x00000006cea00000)
 Metaspace       used 56777K, capacity 59048K, committed 59096K, reserved 1099776K
  class space    used 7467K, capacity 7910K, committed 7936K, reserved 1048576K
}
Event: 31.950 GC heap before
{Heap before GC invocations=15 (full 3):
 PSYoungGen      total 544768K, used 526336K [0x000000076bb80000, 0x0000000795c80000, 0x00000007c0000000)
  eden space 526336K, 100% used [0x000000076bb80000,0x000000078bd80000,0x000000078bd80000)
  from space 18432K, 0% used [0x000000078bd80000,0x000000078bd80000,0x000000078cf80000)
  to   space 18432K, 0% used [0x0000000794a80000,0x0000000794a80000,0x0000000795c80000)
 ParOldGen       total 188416K, used 26327K [0x00000006c3200000, 0x00000006cea00000, 0x000000076bb80000)
  object space 188416K, 13% used [0x00000006c3200000,0x00000006c4bb5f00,0x00000006cea00000)
 Metaspace       used 64482K, capacity 67592K, committed 67800K, reserved 1107968K
  class space    used 8582K, capacity 9154K, committed 9216K, reserved 1048576K
Event: 31.956 GC heap after
Heap after GC invocations=15 (full 3):
 PSYoungGen      total 642048K, used 17243K [0x000000076bb80000, 0x0000000795b80000, 0x00000007c0000000)
  eden space 624640K, 0% used [0x000000076bb80000,0x000000076bb80000,0x0000000791d80000)
  from space 17408K, 99% used [0x0000000794a80000,0x0000000795b56f68,0x0000000795b80000)
  to   space 20480K, 0% used [0x0000000793380000,0x0000000793380000,0x0000000794780000)
 ParOldGen       total 188416K, used 26335K [0x00000006c3200000, 0x00000006cea00000, 0x000000076bb80000)
  object space 188416K, 13% used [0x00000006c3200000,0x00000006c4bb7f00,0x00000006cea00000)
 Metaspace       used 64482K, capacity 67592K, committed 67800K, reserved 1107968K
  class space    used 8582K, capacity 9154K, committed 9216K, reserved 1048576K
}

