# JRE version: OpenJDK Runtime Environment Corretto-23.0.2.7.1 (23.0.2+7) (build 23.0.2+7-FR)
# Java VM: OpenJDK 64-Bit Server VM Corretto-23.0.2.7.1 (23.0.2+7-FR, mixed mode, emulated-client, sharing, tiered, compressed oops, compressed class ptrs, g1 gc, windows-amd64)
GC Precious Log:
 CardTable entry size: 512
 Card Set container configuration: InlinePtr #cards 4 size 8 Array Of Cards #cards 16 size 48 Howl #buckets 8 coarsen threshold 3686 Howl Bitmap #cards 512 size 80 coarsen threshold 460 Card regions per heap region 1 cards per card region 4096
 CPUs: 20 total, 20 available
 Memory: 16176M
 Large Page Support: Disabled
 NUMA Support: Disabled
 Compressed Oops: Enabled (Zero based)
 Heap Region Size: 2M
 Heap Min Capacity: 8M
 Heap Initial Capacity: 254M
 Heap Max Capacity: 4046M
 Pre-touch: Disabled
 Parallel Workers: 15
 Concurrent Workers: 4
 Concurrent Refinement Workers: 15
 Periodic GC: Disabled
Heap:
 garbage-first heap   total reserved 4143104K, committed 81920K, used 54200K [0x0000000703200000, 0x0000000800000000)
  region size 2048K, 12 young (24576K), 1 survivors (2048K)
 Metaspace       used 61145K, committed 61632K, reserved 1114112K
  class space    used 8295K, committed 8512K, reserved 1048576K
GC Heap History (20 events):
Event: 8437.784 GC heap before
{Heap before GC invocations=34 (full 0):
 garbage-first heap   total reserved 4143104K, committed 81920K, used 69392K [0x0000000703200000, 0x0000000800000000)
  region size 2048K, 20 young (40960K), 2 survivors (4096K)
 Metaspace       used 61030K, committed 61568K, reserved 1114112K
  class space    used 8274K, committed 8512K, reserved 1048576K
}
Event: 8437.786 GC heap after
{Heap after GC invocations=35 (full 0):
 garbage-first heap   total reserved 4143104K, committed 81920K, used 34852K [0x0000000703200000, 0x0000000800000000)
  region size 2048K, 2 young (4096K), 2 survivors (4096K)
 Metaspace       used 61030K, committed 61568K, reserved 1114112K
  class space    used 8274K, committed 8512K, reserved 1048576K
}
Event: 8916.714 GC heap before
{Heap before GC invocations=35 (full 0):
 garbage-first heap   total reserved 4143104K, committed 81920K, used 71716K [0x0000000703200000, 0x0000000800000000)
  region size 2048K, 20 young (40960K), 2 survivors (4096K)
 Metaspace       used 61030K, committed 61568K, reserved 1114112K
  class space    used 8274K, committed 8512K, reserved 1048576K
}
Event: 8916.717 GC heap after
{Heap after GC invocations=36 (full 0):
 garbage-first heap   total reserved 4143104K, committed 81920K, used 34322K [0x0000000703200000, 0x0000000800000000)
  region size 2048K, 2 young (4096K), 2 survivors (4096K)
 Metaspace       used 61030K, committed 61568K, reserved 1114112K
  class space    used 8274K, committed 8512K, reserved 1048576K
}
Event: 9403.789 GC heap before
{Heap before GC invocations=36 (full 0):
 garbage-first heap   total reserved 4143104K, committed 81920K, used 69138K [0x0000000703200000, 0x0000000800000000)
  region size 2048K, 20 young (40960K), 2 survivors (4096K)
 Metaspace       used 61030K, committed 61568K, reserved 1114112K
  class space    used 8274K, committed 8512K, reserved 1048576K
}
Event: 9403.791 GC heap after
{Heap after GC invocations=37 (full 0):
 garbage-first heap   total reserved 4143104K, committed 81920K, used 34062K [0x0000000703200000, 0x0000000800000000)
  region size 2048K, 2 young (4096K), 2 survivors (4096K)
 Metaspace       used 61030K, committed 61568K, reserved 1114112K
  class space    used 8274K, committed 8512K, reserved 1048576K
}
Event: 9893.787 GC heap before
{Heap before GC invocations=38 (full 0):
 garbage-first heap   total reserved 4143104K, committed 81920K, used 68878K [0x0000000703200000, 0x0000000800000000)
  region size 2048K, 20 young (40960K), 2 survivors (4096K)
 Metaspace       used 61030K, committed 61568K, reserved 1114112K
  class space    used 8274K, committed 8512K, reserved 1048576K
}
Event: 9893.789 GC heap after
{Heap after GC invocations=39 (full 0):
 garbage-first heap   total reserved 4143104K, committed 81920K, used 34134K [0x0000000703200000, 0x0000000800000000)
  region size 2048K, 2 young (4096K), 2 survivors (4096K)
 Metaspace       used 61030K, committed 61568K, reserved 1114112K
  class space    used 8274K, committed 8512K, reserved 1048576K
}
Event: 10369.339 GC heap before
{Heap before GC invocations=39 (full 0):
 garbage-first heap   total reserved 4143104K, committed 81920K, used 70998K [0x0000000703200000, 0x0000000800000000)
  region size 2048K, 20 young (40960K), 2 survivors (4096K)
 Metaspace       used 61032K, committed 61568K, reserved 1114112K
  class space    used 8274K, committed 8512K, reserved 1048576K
}
Event: 10369.343 GC heap after
{Heap after GC invocations=40 (full 0):
 garbage-first heap   total reserved 4143104K, committed 81920K, used 33843K [0x0000000703200000, 0x0000000800000000)
  region size 2048K, 2 young (4096K), 2 survivors (4096K)
 Metaspace       used 61032K, committed 61568K, reserved 1114112K
  class space    used 8274K, committed 8512K, reserved 1048576K
}
Event: 10854.984 GC heap before
{Heap before GC invocations=40 (full 0):
 garbage-first heap   total reserved 4143104K, committed 81920K, used 70707K [0x0000000703200000, 0x0000000800000000)
  region size 2048K, 20 young (40960K), 2 survivors (4096K)
 Metaspace       used 61032K, committed 61568K, reserved 1114112K
  class space    used 8274K, committed 8512K, reserved 1048576K
}
Event: 10854.986 GC heap after
{Heap after GC invocations=41 (full 0):
 garbage-first heap   total reserved 4143104K, committed 81920K, used 33906K [0x0000000703200000, 0x0000000800000000)
  region size 2048K, 2 young (4096K), 2 survivors (4096K)
 Metaspace       used 61032K, committed 61568K, reserved 1114112K
  class space    used 8274K, committed 8512K, reserved 1048576K
}
Event: 11343.312 GC heap before
{Heap before GC invocations=42 (full 0):
 garbage-first heap   total reserved 4143104K, committed 81920K, used 68722K [0x0000000703200000, 0x0000000800000000)
  region size 2048K, 20 young (40960K), 2 survivors (4096K)
 Metaspace       used 61032K, committed 61568K, reserved 1114112K
  class space    used 8274K, committed 8512K, reserved 1048576K
}
Event: 11343.313 GC heap after
{Heap after GC invocations=43 (full 0):
 garbage-first heap   total reserved 4143104K, committed 81920K, used 33886K [0x0000000703200000, 0x0000000800000000)
  region size 2048K, 2 young (4096K), 2 survivors (4096K)
 Metaspace       used 61032K, committed 61568K, reserved 1114112K
  class space    used 8274K, committed 8512K, reserved 1048576K
}
Event: 11832.020 GC heap before
{Heap before GC invocations=43 (full 0):
 garbage-first heap   total reserved 4143104K, committed 81920K, used 68702K [0x0000000703200000, 0x0000000800000000)
  region size 2048K, 20 young (40960K), 2 survivors (4096K)
 Metaspace       used 61032K, committed 61568K, reserved 1114112K
  class space    used 8274K, committed 8512K, reserved 1048576K
}
Event: 11832.023 GC heap after
{Heap after GC invocations=44 (full 0):
 garbage-first heap   total reserved 4143104K, committed 81920K, used 33463K [0x0000000703200000, 0x0000000800000000)
  region size 2048K, 2 young (4096K), 2 survivors (4096K)
 Metaspace       used 61032K, committed 61568K, reserved 1114112K
  class space    used 8274K, committed 8512K, reserved 1048576K
}
Event: 12329.340 GC heap before
{Heap before GC invocations=44 (full 0):
 garbage-first heap   total reserved 4143104K, committed 81920K, used 70327K [0x0000000703200000, 0x0000000800000000)
  region size 2048K, 21 young (43008K), 2 survivors (4096K)
 Metaspace       used 61034K, committed 61568K, reserved 1114112K
  class space    used 8275K, committed 8512K, reserved 1048576K
}
Event: 12329.342 GC heap after
{Heap after GC invocations=45 (full 0):
 garbage-first heap   total reserved 4143104K, committed 81920K, used 33650K [0x0000000703200000, 0x0000000800000000)
  region size 2048K, 1 young (2048K), 1 survivors (2048K)
 Metaspace       used 61034K, committed 61568K, reserved 1114112K
  class space    used 8275K, committed 8512K, reserved 1048576K
}
Event: 12873.160 GC heap before
{Heap before GC invocations=46 (full 0):
 garbage-first heap   total reserved 4143104K, committed 81920K, used 74610K [0x0000000703200000, 0x0000000800000000)
  region size 2048K, 21 young (43008K), 1 survivors (2048K)
 Metaspace       used 61034K, committed 61568K, reserved 1114112K
  class space    used 8275K, committed 8512K, reserved 1048576K
}
Event: 12873.162 GC heap after
{Heap after GC invocations=47 (full 0):
 garbage-first heap   total reserved 4143104K, committed 81920K, used 33720K [0x0000000703200000, 0x0000000800000000)
  region size 2048K, 1 young (2048K), 1 survivors (2048K)
 Metaspace       used 61034K, committed 61568K, reserved 1114112K
  class space    used 8275K, committed 8512K, reserved 1048576K
}

